This is pdfTeX, Version 3.141592-1.40.4 (MiKTeX 2.7) (preloaded format=pdflatex 2008.9.5)  26 MAR 2013 20:58
entering extended mode
**c:/ss/SVA/SVA*2/SVNew.tex
("c:/ss/SVA/SVA 2/SVNew.tex"
LaTeX2e <2005/12/01>
Babel <v3.8h> and hyphenation patterns for english, dumylang, nohyphenation, ge
rman, ngerman, french, loaded.
("C:\Program Files\MiKTeX 2.7\tex\latex\base\article.cls"
Document Class: article 2005/09/16 v1.4f Standard LaTeX document class
("C:\Program Files\MiKTeX 2.7\tex\latex\base\size10.clo"
File: size10.clo 2005/09/16 v1.4f Standard LaTeX file (size option)
)
\c@part=\count79
\c@section=\count80
\c@subsection=\count81
\c@subsubsection=\count82
\c@paragraph=\count83
\c@subparagraph=\count84
\c@figure=\count85
\c@table=\count86
\abovecaptionskip=\skip41
\belowcaptionskip=\skip42
\bibindent=\dimen102
)
("C:\Program Files\MiKTeX 2.7\tex\latex\preprint\fullpage.sty"
Package: fullpage 1999/02/23 1.1 (PWD)
\FP@margin=\skip43
)
("C:\Program Files\MiKTeX 2.7\tex\latex\float\float.sty"
Package: float 2001/11/08 v1.3d Float enhancements (AL)
\c@float@type=\count87
\float@exts=\toks14
\float@box=\box26
\@float@everytoks=\toks15
\@floatcapt=\box27
)
("C:\Program Files\MiKTeX 2.7\tex\latex\algorithmicx\algpseudocode.sty"
Package: algpseudocode 

("C:\Program Files\MiKTeX 2.7\tex\latex\base\ifthen.sty"
Package: ifthen 2001/05/26 v1.1c Standard LaTeX ifthen package (DPC)
)
("C:\Program Files\MiKTeX 2.7\tex\latex\algorithmicx\algorithmicx.sty"
Package: algorithmicx 2005/04/27 v1.2 Algorithmicx

Document Style algorithmicx 1.2 - a greatly improved `algorithmic' style
\c@ALG@line=\count88
\c@ALG@rem=\count89
\c@ALG@nested=\count90
\ALG@tlm=\skip44
\ALG@thistlm=\skip45
\c@ALG@Lnr=\count91
\c@ALG@blocknr=\count92
\c@ALG@storecount=\count93
\c@ALG@tmpcounter=\count94
\ALG@tmplength=\skip46
)
Document Style - pseudocode environments for use with the `algorithmicx' style
) ("C:\Program Files\MiKTeX 2.7\tex\latex\graphics\graphicx.sty"
Package: graphicx 1999/02/16 v1.0f Enhanced LaTeX Graphics (DPC,SPQR)

("C:\Program Files\MiKTeX 2.7\tex\latex\graphics\keyval.sty"
Package: keyval 1999/03/16 v1.13 key=value parser (DPC)
\KV@toks@=\toks16
)
("C:\Program Files\MiKTeX 2.7\tex\latex\graphics\graphics.sty"
Package: graphics 2006/02/20 v1.0o Standard LaTeX Graphics (DPC,SPQR)

("C:\Program Files\MiKTeX 2.7\tex\latex\graphics\trig.sty"
Package: trig 1999/03/16 v1.09 sin cos tan (DPC)
)
("C:\Program Files\MiKTeX 2.7\tex\latex\00miktex\graphics.cfg"
File: graphics.cfg 2007/01/18 v1.5 graphics configuration of teTeX/TeXLive
)
Package graphics Info: Driver file: pdftex.def on input line 90.

("C:\Program Files\MiKTeX 2.7\tex\latex\graphics\pdftex.def"
File: pdftex.def 2007/06/12 v0.04h Graphics/color for pdfTeX
\Gread@gobject=\count95
))
\Gin@req@height=\dimen103
\Gin@req@width=\dimen104
)
("C:\Program Files\MiKTeX 2.7\tex\latex\jknappen\mathrsfs.sty"
Package: mathrsfs 1996/01/01 Math RSFS package v1.0 (jk)
\symrsfs=\mathgroup4
)
("C:\Program Files\MiKTeX 2.7\tex\latex\bbm\bbm.sty"
Package: bbm 1999/03/15 V 1.2 provides fonts for set symbols - TH
LaTeX Font Info:    Overwriting math alphabet `\mathbbm' in version `bold'
(Font)                  U/bbm/m/n --> U/bbm/bx/n on input line 33.
LaTeX Font Info:    Overwriting math alphabet `\mathbbmss' in version `bold'
(Font)                  U/bbmss/m/n --> U/bbmss/bx/n on input line 35.
)
("C:\Program Files\MiKTeX 2.7\tex\latex\mdwtools\mdwlist.sty"
Package: mdwlist 1996/05/02 1.1 Various list-related things
)
("C:\Program Files\MiKTeX 2.7\tex\latex\subfig\subfig.sty"
Package: subfig 2005/06/28 ver: 1.3 subfig package

("C:\Program Files\MiKTeX 2.7\tex\latex\caption\caption.sty"
Package: caption 2007/11/04 v3.1e Customising captions (AR)

("C:\Program Files\MiKTeX 2.7\tex\latex\caption\caption3.sty"
Package: caption3 2007/11/04 v3.1e caption3 kernel (AR)
\captionmargin=\dimen105
\captionmargin@=\dimen106
\captionwidth=\dimen107
\caption@indent=\dimen108
\caption@parindent=\dimen109
\caption@hangindent=\dimen110
)
\c@ContinuedFloat=\count96
Package caption Info: float package is loaded.
)
\c@KVtest=\count97
\sf@farskip=\skip47
\sf@captopadj=\dimen111
\sf@capskip=\skip48
\sf@nearskip=\skip49
\c@subfigure=\count98
\c@subfigure@save=\count99
\c@lofdepth=\count100
\c@subtable=\count101
\c@subtable@save=\count102
\c@lotdepth=\count103
\sf@top=\skip50
\sf@bottom=\skip51
)
("C:\Program Files\MiKTeX 2.7\tex\latex\amsmath\amsmath.sty"
Package: amsmath 2000/07/18 v2.13 AMS math features
\@mathmargin=\skip52

For additional information on amsmath, use the `?' option.
("C:\Program Files\MiKTeX 2.7\tex\latex\amsmath\amstext.sty"
Package: amstext 2000/06/29 v2.01

("C:\Program Files\MiKTeX 2.7\tex\latex\amsmath\amsgen.sty"
File: amsgen.sty 1999/11/30 v2.0
\@emptytoks=\toks17
\ex@=\dimen112
))
("C:\Program Files\MiKTeX 2.7\tex\latex\amsmath\amsbsy.sty"
Package: amsbsy 1999/11/29 v1.2d
\pmbraise@=\dimen113
)
("C:\Program Files\MiKTeX 2.7\tex\latex\amsmath\amsopn.sty"
Package: amsopn 1999/12/14 v2.01 operator names
)
\inf@bad=\count104
LaTeX Info: Redefining \frac on input line 211.
\uproot@=\count105
\leftroot@=\count106
LaTeX Info: Redefining \overline on input line 307.
\classnum@=\count107
\DOTSCASE@=\count108
LaTeX Info: Redefining \ldots on input line 379.
LaTeX Info: Redefining \dots on input line 382.
LaTeX Info: Redefining \cdots on input line 467.
\Mathstrutbox@=\box28
\strutbox@=\box29
\big@size=\dimen114
LaTeX Font Info:    Redeclaring font encoding OML on input line 567.
LaTeX Font Info:    Redeclaring font encoding OMS on input line 568.
\macc@depth=\count109
\c@MaxMatrixCols=\count110
\dotsspace@=\muskip10
\c@parentequation=\count111
\dspbrk@lvl=\count112
\tag@help=\toks18
\row@=\count113
\column@=\count114
\maxfields@=\count115
\andhelp@=\toks19
\eqnshift@=\dimen115
\alignsep@=\dimen116
\tagshift@=\dimen117
\tagwidth@=\dimen118
\totwidth@=\dimen119
\lineht@=\dimen120
\@envbody=\toks20
\multlinegap=\skip53
\multlinetaggap=\skip54
\mathdisplay@stack=\toks21
LaTeX Info: Redefining \[ on input line 2666.
LaTeX Info: Redefining \] on input line 2667.
)
("C:\Program Files\MiKTeX 2.7\tex\latex\multirow\multirow.sty"
\bigstrutjot=\dimen121
) (SVNew.aux)
LaTeX Font Info:    Checking defaults for OML/cmm/m/it on input line 22.
LaTeX Font Info:    ... okay on input line 22.
LaTeX Font Info:    Checking defaults for T1/cmr/m/n on input line 22.
LaTeX Font Info:    ... okay on input line 22.
LaTeX Font Info:    Checking defaults for OT1/cmr/m/n on input line 22.
LaTeX Font Info:    ... okay on input line 22.
LaTeX Font Info:    Checking defaults for OMS/cmsy/m/n on input line 22.
LaTeX Font Info:    ... okay on input line 22.
LaTeX Font Info:    Checking defaults for OMX/cmex/m/n on input line 22.
LaTeX Font Info:    ... okay on input line 22.
LaTeX Font Info:    Checking defaults for U/cmr/m/n on input line 22.
LaTeX Font Info:    ... okay on input line 22.

("C:\Program Files\MiKTeX 2.7\tex\context\base\supp-pdf.tex"
[Loading MPS to PDF converter (version 2006.09.02).]
\scratchcounter=\count116
\scratchdimen=\dimen122
\scratchbox=\box30
\nofMPsegments=\count117
\nofMParguments=\count118
\MPscratchCnt=\count119
\MPscratchDim=\dimen123
\MPnumerator=\count120
\everyMPtoPDFconversion=\toks22
)
Package caption Info: Begin \AtBeginDocument code.
Package caption3 Info: subfig package 1.2 or 1.3 is loaded.
LaTeX Info: Redefining \subref on input line 22.
Package caption Info: End \AtBeginDocument code.
LaTeX Font Info:    Try loading font information for U+rsfs on input line 23.
 ("C:\Program Files\MiKTeX 2.7\tex\latex\jknappen\ursfs.fd"
File: ursfs.fd 1998/03/24 rsfs font definition file (jk)
) [1{C:/Documents and Settings/All Users/Application Data/MiKTeX/2.7/pdftex/con
fig/pdftex.map}


]
Underfull \hbox (badness 10000) in paragraph at lines 90--91
[]\OT1/cmr/m/n/10 Function 1. The joint prob-a-bil-i-ties
 []


Underfull \hbox (badness 1708) in paragraph at lines 94--98
\OT1/cmr/m/n/10 lected fea-tures, and -1 for all oth-ers: $\OML/cmm/m/it/10 l\O
T1/cmr/m/n/10 (\OML/cmm/m/it/10 F[]; c[]\OT1/cmr/m/n/10 ) =
 []

[2]
Missing character: There is no â in font cmr10!
Missing character: There is no € in font cmr10!
Missing character: There is no ™ in font cmr10!
\@float@every@figure=\toks23

Underfull \hbox (badness 10000) in paragraph at lines 231--231
[]\OT1/cmr/m/n/10 Calculate prob-a-bil-ity es-ti-mates:
 []

<images/tb2.png, id=22, 642.4pt x 481.8pt>
File: images/tb2.png Graphic file (type png)
 <use images/tb2.png>
<images/t2.jpg, id=23, 142.5325pt x 154.5775pt>
File: images/t2.jpg Graphic file (type jpg)
 <use images/t2.jpg>
<images/test1.png, id=24, 481.8pt x 642.4pt>
File: images/test1.png Graphic file (type png)
 <use images/test1.png>
<images/train1.png, id=25, 481.8pt x 642.4pt>
File: images/train1.png Graphic file (type png)
 <use images/train1.png>
<images/ttext1.png, id=26, 215.80624pt x 220.825pt>
File: images/ttext1.png Graphic file (type png)
 <use images/ttext1.png>
<images/test2.png, id=27, 481.8pt x 642.4pt>
File: images/test2.png Graphic file (type png)
 <use images/test2.png>
Overfull \hbox (10.87886pt too wide) in paragraph at lines 306--325
[][] 
 []

[3]
Underfull \vbox (badness 4967) has occurred while \output is active []


<images/fernlen.png, id=31, 449.7603pt x 337.38045pt>
File: images/fernlen.png Graphic file (type png)
 <use images/fernlen.png>
<images/fernnum.png, id=32, 449.7603pt x 337.38045pt>
File: images/fernnum.png Graphic file (type png)
 <use images/fernnum.png>
<images/Shader1c.png, id=33, 631.3989pt x 513.96014pt>
File: images/Shader1c.png Graphic file (type png)

<use images/Shader1c.png>
<images/Shader2c.png, id=34, 759.5577pt x 525.6438pt>
File: images/Shader2c.png Graphic file (type png)

<use images/Shader2c.png> [4]
Underfull \vbox (badness 10000) has occurred while \output is active []

 [5 <images/tb2.png (PNG copy)> <images/t2.jpg> <images/test1.png (PNG copy)> <
images/train1.png (PNG copy)> <images/ttext1.png (PNG copy)> <images/test2.png 
(PNG copy)>]
Underfull \vbox (badness 10000) has occurred while \output is active []


Underfull \vbox (badness 10000) has occurred while \output is active []

 [6 <images/fernlen.png> <images/fernnum.png> <images/Shader1c.png> <images/Sha
der2c.png>] <images/bet4_1.png, id=49, 128.48pt x 256.96pt>
File: images/bet4_1.png Graphic file (type png)
 <use images/bet4_1.png>
<images/bet4_2.png, id=50, 128.48pt x 256.96pt>
File: images/bet4_2.png Graphic file (type png)
 <use images/bet4_2.png>
File: images/t2.jpg Graphic file (type jpg)

<use images/t2.jpg> <images/backgrounds.png, id=51, 171.64125pt x 171.64125pt>
File: images/backgrounds.png Graphic file (type png)

<use images/backgrounds.png> <images/IMG_1807.PNG, id=52, 642.4pt x 963.6pt>
File: images/IMG_1807.PNG Graphic file (type png)

<use images/IMG_1807.PNG> <images/IMG_1809.PNG, id=53, 642.4pt x 963.6pt>
File: images/IMG_1809.PNG Graphic file (type png)

<use images/IMG_1809.PNG> <images/IMG_1812.PNG, id=54, 642.4pt x 963.6pt>
File: images/IMG_1812.PNG Graphic file (type png)

<use images/IMG_1812.PNG> (SVNew.bbl [7 <images/bet4_1.png (PNG copy)> <images/
bet4_2.png (PNG copy)> <images/backgrounds.png (PNG copy)>]
Missing character: There is no … in font cmr10!
) [8

 <images/IMG_1807.PNG> <images/IMG_1809.PNG> <images/IMG_1812.PNG>] (SVNew.aux)
 ) 
Here is how much of TeX's memory you used:
 3260 strings out of 95340
 44735 string characters out of 1184156
 121414 words of memory out of 1500000
 6415 multiletter control sequences out of 110000
 10358 words of font info for 40 fonts, out of 1200000 for 2000
 14 hyphenation exceptions out of 8191
 44i,16n,45p,1446b,461s stack positions out of 5000i,500n,10000p,200000b,5000s
<C:/Program Files/MiKTeX 2.7/fonts/type1/bluesky/cm/cmbx10.pfb><C:/Program Fi
les/MiKTeX 2.7/fonts/type1/bluesky/cm/cmbx12.pfb><C:/Program Files/MiKTeX 2.7/f
onts/type1/bluesky/cm/cmex10.pfb><C:/Program Files/MiKTeX 2.7/fonts/type1/blues
ky/cm/cmmi10.pfb><C:/Program Files/MiKTeX 2.7/fonts/type1/bluesky/cm/cmmi5.pfb>
<C:/Program Files/MiKTeX 2.7/fonts/type1/bluesky/cm/cmmi7.pfb><C:/Program Files
/MiKTeX 2.7/fonts/type1/bluesky/cm/cmr10.pfb><C:/Program Files/MiKTeX 2.7/fonts
/type1/bluesky/cm/cmr12.pfb><C:/Program Files/MiKTeX 2.7/fonts/type1/bluesky/cm
/cmr17.pfb><C:/Program Files/MiKTeX 2.7/fonts/type1/bluesky/cm/cmr7.pfb><C:/Pro
gram Files/MiKTeX 2.7/fonts/type1/bluesky/cm/cmr8.pfb><C:/Program Files/MiKTeX 
2.7/fonts/type1/bluesky/cm/cmsy10.pfb><C:/Program Files/MiKTeX 2.7/fonts/type1/
bluesky/cm/cmsy6.pfb><C:/Program Files/MiKTeX 2.7/fonts/type1/bluesky/cm/cmsy7.
pfb><C:/Program Files/MiKTeX 2.7/fonts/type1/bluesky/cm/cmsy8.pfb><C:/Program F
iles/MiKTeX 2.7/fonts/type1/bluesky/cm/cmti10.pfb>
Output written on SVNew.pdf (8 pages, 4925207 bytes).
PDF statistics:
 116 PDF objects out of 1000 (max. 8388607)
 0 named destinations out of 1000 (max. 131072)
 81 words of extra memory for PDF output out of 10000 (max. 10000000)

